Fernando de Mello Vianna raiz esq dir esq esq dir NÃO
Nereu de Oliveira Ramos raiz dir dir dir esq esq SIM
José Maria Benevides raiz esq dir dir dir dir dir NÃO
João Fernandes Campos Café Filho raiz dir esq dir SIM
Pedro Vicente de Azevedo raiz dir dir dir esq dir dir NÃO
Antônio da Costa Pinto raiz esq esq esq esq dir NÃO
Domingos de Andrade raiz esq esq dir esq esq NÃO
José Machado de Sousa raiz esq dir dir dir dir dir NÃO
Bernardo Jacinto da Veiga raiz esq esq esq dir esq dir NÃO
Teófilo Ottoni raiz dir dir dir dir esq NÃO
José Cesário de Miranda Ribeiro raiz esq dir dir dir dir esq NÃO
Vicente Pires da Mota raiz dir dir dir dir dir esq NÃO
Francisco Silveira Lobo raiz esq dir esq dir esq NÃO
Francisco de Assis Mascarenhas raiz esq dir esq dir esq NÃO
Juscelino Kubitschek de Oliveira raiz dir esq dir dir SIM
Artur da Silva Bernardes raiz esq esq esq dir esq SIM
Francelino Pereira raiz esq dir esq dir esq NÃO
Noraldino Lima raiz dir dir dir esq dir esq NÃO
António de Noronha raiz esq esq esq esq dir NÃO
Prudente José de Moraes Barros raiz dir dir dir SIM
Pascoal Ranieri Mazzilli raiz dir dir dir esq dir SIM
José Magalhães Pinto raiz esq dir dir dir dir dir NÃO
Rondon Pacheco raiz dir dir dir dir esq NÃO
José Ildefonso Ramos raiz esq dir dir dir dir esq NÃO
José Bento Figueiredo raiz esq dir dir dir dir esq NÃO
Joaquim Machado Portella raiz esq dir dir dir dir esq NÃO
Hermes Rodrigues da Fonseca raiz esq dir dir esq SIM
Romeu Zema raiz dir dir dir dir esq NÃO
Benedito Valadares raiz esq esq esq dir esq dir NÃO
Newton Cardoso raiz dir dir dir esq esq dir NÃO
Bernardino José de Queiroga raiz esq esq esq dir esq dir NÃO
Graciliano Pimentel raiz esq dir dir esq esq NÃO
Milton Campos raiz dir dir dir esq esq esq NÃO
Ernesto Beckmann Geisel raiz esq esq dir dir esq SIM
Luís da Cunha Meneses raiz dir dir esq esq dir NÃO
João Pinheiro raiz dir esq dir dir esq NÃO
Francisco Salles raiz esq dir esq dir esq NÃO
Olegário Maciel raiz dir dir dir esq dir esq NÃO
José Luís Castelo Branco raiz esq dir dir dir dir dir NÃO
Antônio Carlos Ribeiro de Andrada raiz esq esq esq esq dir NÃO
André de Melo e Castro raiz esq esq esq esq dir NÃO
Itamar Augusto Cautiero Franco raiz esq dir dir dir esq SIM
Bernardo Lorena e Silveira raiz esq esq esq dir esq dir NÃO
Antônio Affonso de Carvalho raiz esq esq esq esq dir NÃO
Sebastião Barreto Pereira raiz dir dir dir dir esq NÃO
João Mendes Ribeiro raiz dir esq dir dir esq NÃO
José Feliciano Pinto Coelho raiz esq dir dir dir dir esq NÃO
João Belchior Marques Goulart raiz dir esq SIM
Getúlio Dornelles Vargas raiz esq dir SIM
Fernando Henrique Cardoso raiz esq dir esq esq SIM
Emílio Garrastazu Médici raiz esq esq dir esq SIM
Francisco de Paula Rodrigues Alves raiz esq dir esq dir SIM
José de Araújo Ribeiro raiz dir esq esq esq NÃO
João Batista dos Santos raiz dir esq esq dir NÃO
Manuel Rebelo Horta raiz dir dir esq dir dir NÃO
Júlio Bueno Brandão raiz dir dir esq esq esq NÃO
Venceslau Brás Pereira Gomes raiz dir dir dir dir SIM
Nilo Procópio Peçanha raiz dir dir dir esq SIM
Gustavo Capanema raiz esq dir dir esq esq NÃO
Pedro Alcântara Leite raiz dir dir dir esq dir dir NÃO
Dilma Vana Rousseff raiz esq esq SIM
José Manuel de Almeida raiz esq dir dir dir dir dir NÃO
Aureliano Chaves raiz esq esq esq dir esq dir NÃO
Antônio Gonçalves Chaves raiz esq esq esq esq dir NÃO
Manuel Dias de Toledo raiz dir dir esq dir esq NÃO
Luís António Faro raiz dir dir esq esq dir NÃO
Luís Antônio Barbosa raiz dir dir esq esq dir NÃO
Júlio Ferreira de Carvalho raiz dir dir esq esq esq NÃO
João Antônio de Araújo Freitas raiz dir esq esq esq NÃO
Francisco Bonifácio de Abreu raiz esq dir esq dir esq NÃO
Alcides Lins raiz esq esq esq esq dir NÃO
José Linhares raiz esq dir dir dir dir SIM
Floriano Vieira Peixoto raiz esq dir esq SIM
Manuel Deodoro da Fonseca raiz dir dir esq SIM
João Baptista de Oliveira Figueiredo raiz dir esq esq SIM
Michel Miguel Elias Temer Lulia raiz dir dir SIM
Manuel Ferraz de Campos Sales raiz dir dir esq dir SIM
Hélio Garcia raiz esq dir dir dir esq esq NÃO
João Bandeira de Mello raiz dir esq esq esq NÃO
José Sarney de Araújo Costa raiz SIM
Joaquim Cândido Senna raiz esq dir dir dir dir esq NÃO
Carlos Coimbra da Luz raiz esq esq esq dir SIM
Eurico Gaspar Dutra raiz esq esq dir dir SIM
Israel Pinheiro raiz esq dir dir dir esq esq NÃO
Cesário Alvim raiz esq esq esq dir dir esq NÃO
Gomes Freire de Andrade raiz esq dir dir esq esq NÃO
Jair Messias Bolsonaro raiz esq dir dir dir SIM
Antônio Limpo de Abreu raiz esq esq esq esq dir NÃO
Venâncio José de Oliveira Lisboa raiz dir dir dir dir dir esq NÃO
Pedro de Ataíde e Melo raiz dir dir dir esq dir dir NÃO
Alexandre Joaquim de Sequeira raiz esq esq esq esq dir NÃO
Luís Diogo Lobo da Silva raiz dir dir esq esq dir NÃO
Epitácio Lindolfo da Silva Pessoa raiz esq esq dir SIM
Fernando Pimentel raiz esq dir esq esq dir NÃO
Francisco Soares de Andréa raiz esq dir esq dir esq NÃO
Aécio Neves raiz esq esq esq dir esq dir NÃO
José Teixeira Vasconcelos raiz dir esq esq esq NÃO
Manuel Antônio Galvão raiz dir dir esq esq dir NÃO
Antônio Anastasia raiz esq esq esq esq dir NÃO
Jacques Bias Fortes raiz esq dir dir dir esq dir NÃO
Herculano Ferreira Pena raiz esq dir dir esq esq NÃO
Humberto de Alencar Castello Branco raiz esq dir dir SIM
Carlos Augusto Figueiredo raiz esq esq esq dir esq dir NÃO
Luiz Inácio Lula da Silva raiz dir dir esq esq SIM
Francisco Portugal raiz esq dir esq dir esq NÃO
João Beraldo raiz dir esq dir esq NÃO
Fernando Affonso Collor de Mello raiz esq SIM
Eduardo Azeredo raiz esq esq dir esq esq NÃO
Manuel Portella raiz dir dir esq dir dir NÃO
Washington Luís Pereira de Sousa raiz dir dir dir dir dir SIM
Pedro Dias de Carvalho raiz dir dir dir esq dir dir NÃO
Antônio Carlos Furtado raiz esq esq esq esq dir NÃO
Rodrigo Meneses e Castro raiz dir dir dir dir esq NÃO
Olegário Herculano raiz dir dir dir esq dir esq NÃO
Tancredo Neves raiz dir dir dir dir esq NÃO
Lourenço de Almeida raiz dir dir esq esq esq NÃO
João Meira de Vasconcelos raiz dir esq dir dir esq NÃO
Antônio Gonçalves Ferreira raiz esq esq esq esq dir NÃO
Manuel de Melo e Sousa raiz dir dir esq dir dir NÃO
Afonso Augusto Moreira Pena raiz esq esq esq esq SIM
João Crispiniano Soares raiz dir esq dir esq NÃO
Silviano Brandão raiz dir dir dir dir esq NÃO
Jânio da Silva Quadros raiz dir SIM
Quintiliano José da Silva raiz dir dir dir dir esq NÃO
Saldanha Marinho raiz dir dir dir dir esq NÃO
Artur da Costa e Silva raiz esq esq esq SIM
Francisco Pereira de Vasconcelos raiz esq dir esq dir esq NÃO
José Ricardo de Sá Rego raiz esq dir dir dir dir dir NÃO
Manuel Machado Nunes raiz dir dir esq dir dir NÃO
Carlos Carneiro de Campos raiz esq esq esq dir esq dir NÃO
Joaquim Floriano de Godói raiz esq dir dir dir dir esq NÃO
José Bias Fortes raiz esq dir dir dir dir esq NÃO
Francisco Lemos raiz esq dir esq dir esq NÃO
Raul Soares de Moura raiz dir dir dir dir esq NÃO
João Paulo Barreto raiz dir esq dir dir esq NÃO
Luís Eugênio Horta raiz dir dir esq esq dir NÃO
Delfim Moreira da Costa Ribeiro raiz esq esq esq dir dir SIM
