Fernando de Mello Vianna raiz esq dir esq esq dir N√O
Nereu de Oliveira Ramos raiz dir dir esq esq SIM
Jos√© Maria Benevides raiz esq dir dir dir dir dir N√O
Jo√£o Fernandes Campos Caf√© Filho raiz dir esq dir esq SIM
Pedro Vicente de Azevedo raiz dir dir esq dir dir N√O
Ant√¥nio da Costa Pinto raiz esq esq esq esq dir N√O
Domingos de Andrade raiz esq esq dir esq dir N√O
Jos√© Machado de Sousa raiz esq dir dir dir dir dir N√O
Bernardo Jacinto da Veiga raiz esq esq esq dir dir esq N√O
Te√≥filo Ottoni raiz dir dir dir esq N√O
Jos√© Ces√°rio de Miranda Ribeiro raiz esq dir dir dir dir esq N√O
Vicente Pires da Mota raiz dir dir dir dir esq N√O
Francisco Silveira Lobo raiz esq dir esq dir esq N√O
Francisco de Assis Mascarenhas raiz esq dir esq dir esq N√O
Juscelino Kubitschek de Oliveira raiz dir esq dir esq dir SIM
Artur da Silva Bernardes raiz esq esq esq dir SIM
Francelino Pereira raiz esq dir esq dir esq N√O
Noraldino Lima raiz dir dir esq dir esq N√O
Ant√≥nio de Noronha raiz esq esq esq esq dir N√O
Prudente Jos√© de Moraes Barros raiz dir dir SIM
Pascoal Ranieri Mazzilli raiz dir dir esq dir SIM
Jos√© Magalh√£es Pinto raiz esq dir dir dir dir dir N√O
Rondon Pacheco raiz dir dir dir esq N√O
Jos√© Ildefonso Ramos raiz esq dir dir dir dir esq N√O
Jos√© Bento Figueiredo raiz esq dir dir dir dir esq N√O
Joaquim Machado Portella raiz esq dir dir dir dir esq N√O
Hermes Rodrigues da Fonseca raiz esq dir dir esq SIM
Romeu Zema raiz dir dir dir esq N√O
Benedito Valadares raiz esq esq esq dir dir esq N√O
Newton Cardoso raiz dir dir esq esq dir N√O
Bernardino Jos√© de Queiroga raiz esq esq esq dir dir esq N√O
Graciliano Pimentel raiz esq dir dir esq esq N√O
Milton Campos raiz dir dir esq esq esq N√O
Ernesto Beckmann Geisel raiz esq esq dir dir SIM
Lu√≠s da Cunha Meneses raiz dir esq dir dir esq dir N√O
Jo√£o Pinheiro raiz dir esq dir esq dir esq N√O
Francisco Salles raiz esq dir esq dir esq N√O
Oleg√°rio Maciel raiz dir dir esq dir esq N√O
Jos√© Lu√≠s Castelo Branco raiz esq dir dir dir dir dir N√O
Ant√¥nio Carlos Ribeiro de Andrada raiz esq esq esq esq dir N√O
Andr√© de Melo e Castro raiz esq esq esq esq dir N√O
Itamar Augusto Cautiero Franco raiz esq dir dir dir esq SIM
Bernardo Lorena e Silveira raiz esq esq esq dir dir esq N√O
Ant√¥nio Affonso de Carvalho raiz esq esq esq esq dir N√O
Sebasti√£o Barreto Pereira raiz dir dir dir esq N√O
Jo√£o Mendes Ribeiro raiz dir esq dir esq dir esq N√O
Jos√© Feliciano Pinto Coelho raiz esq dir dir dir dir esq N√O
Jo√£o Belchior Marques Goulart raiz dir esq SIM
Get√∫lio Dornelles Vargas raiz esq dir SIM
Fernando Henrique Cardoso raiz esq dir esq esq SIM
Em√≠lio Garrastazu M√©dici raiz esq esq dir SIM
Francisco de Paula Rodrigues Alves raiz esq dir esq dir SIM
Jos√© de Ara√∫jo Ribeiro raiz dir esq esq esq N√O
Jo√£o Batista dos Santos raiz dir esq esq dir N√O
Manuel Rebelo Horta raiz dir esq dir dir dir dir N√O
J√∫lio Bueno Brand√£o raiz dir esq dir dir esq esq N√O
Venceslau Br√°s Pereira Gomes raiz dir dir dir SIM
Nilo Proc√≥pio Pe√ßanha raiz dir dir esq SIM
Gustavo Capanema raiz esq dir dir esq esq N√O
Pedro Alc√¢ntara Leite raiz dir dir esq dir dir N√O
Dilma Vana Rousseff raiz esq esq dir esq SIM
Jos√© Manuel de Almeida raiz esq dir dir dir dir dir N√O
Aureliano Chaves raiz esq esq esq dir dir esq N√O
Ant√¥nio Gon√ßalves Chaves raiz esq esq esq esq dir N√O
Manuel Dias de Toledo raiz dir esq dir dir dir esq N√O
Lu√≠s Ant√≥nio Faro raiz dir esq dir dir esq dir N√O
Lu√≠s Ant√¥nio Barbosa raiz dir esq dir dir esq dir N√O
J√∫lio Ferreira de Carvalho raiz dir esq dir dir esq esq N√O
Jo√£o Ant√¥nio de Ara√∫jo Freitas raiz dir esq esq esq N√O
Francisco Bonif√°cio de Abreu raiz esq dir esq dir esq N√O
Alcides Lins raiz esq esq esq esq dir N√O
Jos√© Linhares raiz esq dir dir dir dir SIM
Floriano Vieira Peixoto raiz esq dir esq SIM
Manuel Deodoro da Fonseca raiz dir esq dir dir SIM
Jo√£o Baptista de Oliveira Figueiredo raiz dir esq esq SIM
Michel Miguel Elias Temer Lulia raiz dir SIM
Manuel Ferraz de Campos Sales raiz dir esq dir dir dir SIM
H√©lio Garcia raiz esq dir dir dir esq esq N√O
Jo√£o Bandeira de Mello raiz dir esq esq esq N√O
Jos√© Sarney de Ara√∫jo Costa raiz SIM
Joaquim C√¢ndido Senna raiz esq dir dir dir dir esq N√O
Carlos Coimbra da Luz raiz esq esq esq dir dir SIM
Eurico Gaspar Dutra raiz esq esq dir dir dir SIM
Israel Pinheiro raiz esq dir dir dir esq esq N√O
Ces√°rio Alvim raiz esq esq esq dir dir dir N√O
Gomes Freire de Andrade raiz esq dir dir esq esq N√O
Jair Messias Bolsonaro raiz esq dir dir dir SIM
Ant√¥nio Limpo de Abreu raiz esq esq esq esq dir N√O
Ven√¢ncio Jos√© de Oliveira Lisboa raiz dir dir dir dir esq N√O
Pedro de Ata√≠de e Melo raiz dir dir esq dir dir N√O
Alexandre Joaquim de Sequeira raiz esq esq esq esq dir N√O
Lu√≠s Diogo Lobo da Silva raiz dir esq dir dir esq dir N√O
Epit√°cio Lindolfo da Silva Pessoa raiz esq esq dir dir esq SIM
Fernando Pimentel raiz esq dir esq esq dir N√O
Francisco Soares de Andr√©a raiz esq dir esq dir esq N√O
A√©cio Neves raiz esq esq esq dir dir esq N√O
Jos√© Teixeira Vasconcelos raiz dir esq esq esq N√O
Manuel Ant√¥nio Galv√£o raiz dir esq dir dir esq dir N√O
Ant√¥nio Anastasia raiz esq esq esq esq dir N√O
Jacques Bias Fortes raiz esq dir dir dir esq dir N√O
Herculano Ferreira Pena raiz esq dir dir esq esq N√O
Humberto de Alencar Castello Branco raiz esq dir dir SIM
Carlos Augusto Figueiredo raiz esq esq esq dir dir esq N√O
Luiz In√°cio Lula da Silva raiz dir esq dir dir esq SIM
Francisco Portugal raiz esq dir esq dir esq N√O
Jo√£o Beraldo raiz dir esq dir esq esq N√O
Fernando Affonso Collor de Mello raiz esq SIM
Eduardo Azeredo raiz esq esq dir esq dir N√O
Manuel Portella raiz dir esq dir dir dir dir N√O
Washington Lu√≠s Pereira de Sousa raiz dir dir dir dir SIM
Pedro Dias de Carvalho raiz dir dir esq dir dir N√O
Ant√¥nio Carlos Furtado raiz esq esq esq esq dir N√O
Rodrigo Meneses e Castro raiz dir dir dir esq N√O
Oleg√°rio Herculano raiz dir dir esq dir esq N√O
Tancredo Neves raiz dir dir dir esq N√O
Louren√ßo de Almeida raiz dir esq dir dir esq esq N√O
Jo√£o Meira de Vasconcelos raiz dir esq dir esq dir esq N√O
Ant√¥nio Gon√ßalves Ferreira raiz esq esq esq esq dir N√O
Manuel de Melo e Sousa raiz dir esq dir dir dir dir N√O
Afonso Augusto Moreira Pena raiz esq esq esq esq SIM
Jo√£o Crispiniano Soares raiz dir esq dir esq esq N√O
Silviano Brand√£o raiz dir dir dir esq N√O
J√¢nio da Silva Quadros raiz dir esq dir SIM
Quintiliano Jos√© da Silva raiz dir dir dir esq N√O
Saldanha Marinho raiz dir dir dir esq N√O
Artur da Costa e Silva raiz esq esq esq SIM
Francisco Pereira de Vasconcelos raiz esq dir esq dir esq N√O
Jos√© Ricardo de S√° Rego raiz esq dir dir dir dir dir N√O
Manuel Machado Nunes raiz dir esq dir dir dir dir N√O
Carlos Carneiro de Campos raiz esq esq esq dir dir esq N√O
Joaquim Floriano de God√≥i raiz esq dir dir dir dir esq N√O
Jos√© Bias Fortes raiz esq dir dir dir dir esq N√O
Francisco Lemos raiz esq dir esq dir esq N√O
Raul Soares de Moura raiz dir dir dir esq N√O
Jo√£o Paulo Barreto raiz dir esq dir esq dir esq N√O
Lu√≠s Eug√™nio Horta raiz dir esq dir dir esq dir N√O
Delfim Moreira da Costa Ribeiro raiz esq esq SIM
