Fernando de Mello Vianna raiz dir esq esq esq dir esq NÃO
Nereu de Oliveira Ramos raiz dir dir dir esq SIM
José Maria Benevides raiz dir esq esq dir dir dir dir dir dir NÃO
João Fernandes Campos Café Filho raiz dir SIM
Pedro Vicente de Azevedo raiz dir dir dir esq dir dir dir NÃO
Antônio da Costa Pinto raiz esq dir esq NÃO
Domingos de Andrade raiz esq dir dir dir esq esq NÃO
José Machado de Sousa raiz dir esq esq dir dir dir dir dir dir NÃO
Bernardo Jacinto da Veiga raiz esq dir dir esq dir esq esq NÃO
Teófilo Ottoni raiz dir dir dir dir esq NÃO
José Cesário de Miranda Ribeiro raiz dir esq esq dir dir dir dir dir esq NÃO
Vicente Pires da Mota raiz dir dir dir dir dir esq NÃO
Francisco Silveira Lobo raiz dir esq esq esq dir dir NÃO
Francisco de Assis Mascarenhas raiz dir esq esq esq dir dir NÃO
Juscelino Kubitschek de Oliveira raiz dir dir esq esq SIM
Artur da Silva Bernardes raiz esq dir dir esq SIM
Francelino Pereira raiz dir esq esq esq dir dir NÃO
Noraldino Lima raiz dir dir dir esq dir dir esq NÃO
António de Noronha raiz esq dir esq NÃO
Prudente José de Moraes Barros raiz dir dir dir SIM
Pascoal Ranieri Mazzilli raiz dir dir dir esq dir dir SIM
José Magalhães Pinto raiz dir esq esq dir dir dir dir dir dir NÃO
Rondon Pacheco raiz dir dir dir dir esq NÃO
José Ildefonso Ramos raiz dir esq esq dir dir dir dir dir esq NÃO
José Bento Figueiredo raiz dir esq esq dir dir dir dir dir esq NÃO
Joaquim Machado Portella raiz dir esq esq dir dir dir dir dir esq NÃO
Hermes Rodrigues da Fonseca raiz dir esq esq dir dir SIM
Romeu Zema raiz dir dir dir dir esq NÃO
Benedito Valadares raiz esq dir dir esq dir esq esq NÃO
Newton Cardoso raiz dir dir dir esq dir esq NÃO
Bernardino José de Queiroga raiz esq dir dir esq dir esq esq NÃO
Graciliano Pimentel raiz dir esq esq dir dir esq NÃO
Milton Campos raiz dir dir dir esq esq NÃO
Ernesto Beckmann Geisel raiz esq dir dir dir esq dir dir SIM
Luís da Cunha Meneses raiz dir dir esq dir esq dir esq NÃO
João Pinheiro raiz dir dir esq esq esq NÃO
Francisco Salles raiz dir esq esq esq dir dir NÃO
Olegário Maciel raiz dir dir dir esq dir dir esq NÃO
José Luís Castelo Branco raiz dir esq esq dir dir dir dir dir dir NÃO
Antônio Carlos Ribeiro de Andrada raiz esq dir esq NÃO
André de Melo e Castro raiz esq dir esq NÃO
Itamar Augusto Cautiero Franco raiz dir esq esq dir dir dir dir esq SIM
Bernardo Lorena e Silveira raiz esq dir dir esq dir esq esq NÃO
Antônio Affonso de Carvalho raiz esq dir esq NÃO
Sebastião Barreto Pereira raiz dir dir dir dir esq NÃO
João Mendes Ribeiro raiz dir dir esq esq esq NÃO
José Feliciano Pinto Coelho raiz dir esq esq dir dir dir dir dir esq NÃO
João Belchior Marques Goulart raiz dir esq dir SIM
Getúlio Dornelles Vargas raiz dir esq esq dir SIM
Fernando Henrique Cardoso raiz dir esq esq esq SIM
Emílio Garrastazu Médici raiz esq dir dir dir esq SIM
Francisco de Paula Rodrigues Alves raiz dir esq esq SIM
José de Araújo Ribeiro raiz dir esq dir esq esq NÃO
João Batista dos Santos raiz dir esq dir esq dir NÃO
Manuel Rebelo Horta raiz dir dir esq dir dir NÃO
Júlio Bueno Brandão raiz dir dir esq dir esq esq NÃO
Venceslau Brás Pereira Gomes raiz dir dir dir dir SIM
Nilo Procópio Peçanha raiz dir dir dir esq dir SIM
Gustavo Capanema raiz dir esq esq dir dir esq NÃO
Pedro Alcântara Leite raiz dir dir dir esq dir dir dir NÃO
Dilma Vana Rousseff raiz esq dir dir SIM
José Manuel de Almeida raiz dir esq esq dir dir dir dir dir dir NÃO
Aureliano Chaves raiz esq dir dir esq dir esq esq NÃO
Antônio Gonçalves Chaves raiz esq dir esq NÃO
Manuel Dias de Toledo raiz dir dir esq dir esq dir dir NÃO
Luís António Faro raiz dir dir esq dir esq dir esq NÃO
Luís Antônio Barbosa raiz dir dir esq dir esq dir esq NÃO
Júlio Ferreira de Carvalho raiz dir dir esq dir esq esq NÃO
João Antônio de Araújo Freitas raiz dir esq dir esq esq NÃO
Francisco Bonifácio de Abreu raiz dir esq esq esq dir dir NÃO
Alcides Lins raiz esq dir esq NÃO
José Linhares raiz dir esq esq dir dir dir dir dir SIM
Floriano Vieira Peixoto raiz dir esq esq esq dir SIM
Manuel Deodoro da Fonseca raiz dir dir esq dir esq dir SIM
João Baptista de Oliveira Figueiredo raiz dir esq dir esq SIM
Michel Miguel Elias Temer Lulia raiz dir dir SIM
Manuel Ferraz de Campos Sales raiz dir dir esq dir SIM
Hélio Garcia raiz dir esq esq dir dir dir dir esq esq NÃO
João Bandeira de Mello raiz dir esq dir esq esq NÃO
José Sarney de Araújo Costa raiz dir esq SIM
Joaquim Cândido Senna raiz dir esq esq dir dir dir dir dir esq NÃO
Carlos Coimbra da Luz raiz esq dir dir esq dir esq SIM
Eurico Gaspar Dutra raiz esq dir dir dir SIM
Israel Pinheiro raiz dir esq esq dir dir dir dir esq esq NÃO
Cesário Alvim raiz esq dir dir esq dir esq dir NÃO
Gomes Freire de Andrade raiz dir esq esq dir dir esq NÃO
Jair Messias Bolsonaro raiz dir esq esq dir dir dir dir SIM
Antônio Limpo de Abreu raiz esq dir esq NÃO
Venâncio José de Oliveira Lisboa raiz dir dir dir dir dir esq NÃO
Pedro de Ataíde e Melo raiz dir dir dir esq dir dir dir NÃO
Alexandre Joaquim de Sequeira raiz esq dir esq NÃO
Luís Diogo Lobo da Silva raiz dir dir esq dir esq dir esq NÃO
Epitácio Lindolfo da Silva Pessoa raiz esq dir dir dir esq dir SIM
Fernando Pimentel raiz dir esq esq esq dir esq NÃO
Francisco Soares de Andréa raiz dir esq esq esq dir dir NÃO
Aécio Neves raiz esq dir dir esq dir esq esq NÃO
José Teixeira Vasconcelos raiz dir esq dir esq esq NÃO
Manuel Antônio Galvão raiz dir dir esq dir esq dir esq NÃO
Antônio Anastasia raiz esq dir esq NÃO
Jacques Bias Fortes raiz dir esq esq dir dir dir dir esq dir NÃO
Herculano Ferreira Pena raiz dir esq esq dir dir esq NÃO
Humberto de Alencar Castello Branco raiz dir esq esq dir dir dir SIM
Carlos Augusto Figueiredo raiz esq dir dir esq dir esq esq NÃO
Luiz Inácio Lula da Silva raiz dir dir esq dir esq SIM
Francisco Portugal raiz dir esq esq esq dir dir NÃO
João Beraldo raiz dir esq dir dir NÃO
Fernando Affonso Collor de Mello raiz SIM
Eduardo Azeredo raiz esq dir dir dir esq esq NÃO
Manuel Portella raiz dir dir esq dir dir NÃO
Washington Luís Pereira de Sousa raiz dir dir dir dir dir SIM
Pedro Dias de Carvalho raiz dir dir dir esq dir dir dir NÃO
Antônio Carlos Furtado raiz esq dir esq NÃO
Rodrigo Meneses e Castro raiz dir dir dir dir esq NÃO
Olegário Herculano raiz dir dir dir esq dir dir esq NÃO
Tancredo Neves raiz dir dir dir dir esq NÃO
Lourenço de Almeida raiz dir dir esq dir esq esq NÃO
João Meira de Vasconcelos raiz dir dir esq esq esq NÃO
Antônio Gonçalves Ferreira raiz esq dir esq NÃO
Manuel de Melo e Sousa raiz dir dir esq dir dir NÃO
Afonso Augusto Moreira Pena raiz esq SIM
João Crispiniano Soares raiz dir esq dir dir NÃO
Silviano Brandão raiz dir dir dir dir esq NÃO
Jânio da Silva Quadros raiz dir dir esq SIM
Quintiliano José da Silva raiz dir dir dir dir esq NÃO
Saldanha Marinho raiz dir dir dir dir esq NÃO
Artur da Costa e Silva raiz esq dir SIM
Francisco Pereira de Vasconcelos raiz dir esq esq esq dir dir NÃO
José Ricardo de Sá Rego raiz dir esq esq dir dir dir dir dir dir NÃO
Manuel Machado Nunes raiz dir dir esq dir dir NÃO
Carlos Carneiro de Campos raiz esq dir dir esq dir esq esq NÃO
Joaquim Floriano de Godói raiz dir esq esq dir dir dir dir dir esq NÃO
José Bias Fortes raiz dir esq esq dir dir dir dir dir esq NÃO
Francisco Lemos raiz dir esq esq esq dir dir NÃO
Raul Soares de Moura raiz dir dir dir dir esq NÃO
João Paulo Barreto raiz dir dir esq esq esq NÃO
Luís Eugênio Horta raiz dir dir esq dir esq dir esq NÃO
Delfim Moreira da Costa Ribeiro raiz esq dir dir esq dir SIM
