Fernando de Mello Vianna raiz dir esq esq esq dir esq N√O
Nereu de Oliveira Ramos raiz dir dir dir esq SIM
Jos√© Maria Benevides raiz dir esq esq dir dir dir dir dir dir N√O
Jo√£o Fernandes Campos Caf√© Filho raiz dir SIM
Pedro Vicente de Azevedo raiz dir dir dir esq dir dir dir N√O
Ant√¥nio da Costa Pinto raiz esq dir esq N√O
Domingos de Andrade raiz esq dir dir dir esq esq N√O
Jos√© Machado de Sousa raiz dir esq esq dir dir dir dir dir dir N√O
Bernardo Jacinto da Veiga raiz esq dir dir esq dir esq esq N√O
Te√≥filo Ottoni raiz dir dir dir dir esq N√O
Jos√© Ces√°rio de Miranda Ribeiro raiz dir esq esq dir dir dir dir dir esq N√O
Vicente Pires da Mota raiz dir dir dir dir dir esq N√O
Francisco Silveira Lobo raiz dir esq esq esq dir dir N√O
Francisco de Assis Mascarenhas raiz dir esq esq esq dir dir N√O
Juscelino Kubitschek de Oliveira raiz dir dir esq esq SIM
Artur da Silva Bernardes raiz esq dir dir esq SIM
Francelino Pereira raiz dir esq esq esq dir dir N√O
Noraldino Lima raiz dir dir dir esq dir dir esq N√O
Ant√≥nio de Noronha raiz esq dir esq N√O
Prudente Jos√© de Moraes Barros raiz dir dir dir SIM
Pascoal Ranieri Mazzilli raiz dir dir dir esq dir dir SIM
Jos√© Magalh√£es Pinto raiz dir esq esq dir dir dir dir dir dir N√O
Rondon Pacheco raiz dir dir dir dir esq N√O
Jos√© Ildefonso Ramos raiz dir esq esq dir dir dir dir dir esq N√O
Jos√© Bento Figueiredo raiz dir esq esq dir dir dir dir dir esq N√O
Joaquim Machado Portella raiz dir esq esq dir dir dir dir dir esq N√O
Hermes Rodrigues da Fonseca raiz dir esq esq dir dir SIM
Romeu Zema raiz dir dir dir dir esq N√O
Benedito Valadares raiz esq dir dir esq dir esq esq N√O
Newton Cardoso raiz dir dir dir esq dir esq N√O
Bernardino Jos√© de Queiroga raiz esq dir dir esq dir esq esq N√O
Graciliano Pimentel raiz dir esq esq dir dir esq N√O
Milton Campos raiz dir dir dir esq esq N√O
Ernesto Beckmann Geisel raiz esq dir dir dir esq dir dir SIM
Lu√≠s da Cunha Meneses raiz dir dir esq dir esq dir esq N√O
Jo√£o Pinheiro raiz dir dir esq esq esq N√O
Francisco Salles raiz dir esq esq esq dir dir N√O
Oleg√°rio Maciel raiz dir dir dir esq dir dir esq N√O
Jos√© Lu√≠s Castelo Branco raiz dir esq esq dir dir dir dir dir dir N√O
Ant√¥nio Carlos Ribeiro de Andrada raiz esq dir esq N√O
Andr√© de Melo e Castro raiz esq dir esq N√O
Itamar Augusto Cautiero Franco raiz dir esq esq dir dir dir dir esq SIM
Bernardo Lorena e Silveira raiz esq dir dir esq dir esq esq N√O
Ant√¥nio Affonso de Carvalho raiz esq dir esq N√O
Sebasti√£o Barreto Pereira raiz dir dir dir dir esq N√O
Jo√£o Mendes Ribeiro raiz dir dir esq esq esq N√O
Jos√© Feliciano Pinto Coelho raiz dir esq esq dir dir dir dir dir esq N√O
Jo√£o Belchior Marques Goulart raiz dir esq dir SIM
Get√∫lio Dornelles Vargas raiz dir esq esq dir SIM
Fernando Henrique Cardoso raiz dir esq esq esq SIM
Em√≠lio Garrastazu M√©dici raiz esq dir dir dir esq SIM
Francisco de Paula Rodrigues Alves raiz dir esq esq SIM
Jos√© de Ara√∫jo Ribeiro raiz dir esq dir esq esq N√O
Jo√£o Batista dos Santos raiz dir esq dir esq dir N√O
Manuel Rebelo Horta raiz dir dir esq dir dir N√O
J√∫lio Bueno Brand√£o raiz dir dir esq dir esq esq N√O
Venceslau Br√°s Pereira Gomes raiz dir dir dir dir SIM
Nilo Proc√≥pio Pe√ßanha raiz dir dir dir esq dir SIM
Gustavo Capanema raiz dir esq esq dir dir esq N√O
Pedro Alc√¢ntara Leite raiz dir dir dir esq dir dir dir N√O
Dilma Vana Rousseff raiz esq dir dir SIM
Jos√© Manuel de Almeida raiz dir esq esq dir dir dir dir dir dir N√O
Aureliano Chaves raiz esq dir dir esq dir esq esq N√O
Ant√¥nio Gon√ßalves Chaves raiz esq dir esq N√O
Manuel Dias de Toledo raiz dir dir esq dir esq dir dir N√O
Lu√≠s Ant√≥nio Faro raiz dir dir esq dir esq dir esq N√O
Lu√≠s Ant√¥nio Barbosa raiz dir dir esq dir esq dir esq N√O
J√∫lio Ferreira de Carvalho raiz dir dir esq dir esq esq N√O
Jo√£o Ant√¥nio de Ara√∫jo Freitas raiz dir esq dir esq esq N√O
Francisco Bonif√°cio de Abreu raiz dir esq esq esq dir dir N√O
Alcides Lins raiz esq dir esq N√O
Jos√© Linhares raiz dir esq esq dir dir dir dir dir SIM
Floriano Vieira Peixoto raiz dir esq esq esq dir SIM
Manuel Deodoro da Fonseca raiz dir dir esq dir esq dir SIM
Jo√£o Baptista de Oliveira Figueiredo raiz dir esq dir esq SIM
Michel Miguel Elias Temer Lulia raiz dir dir SIM
Manuel Ferraz de Campos Sales raiz dir dir esq dir SIM
H√©lio Garcia raiz dir esq esq dir dir dir dir esq esq N√O
Jo√£o Bandeira de Mello raiz dir esq dir esq esq N√O
Jos√© Sarney de Ara√∫jo Costa raiz dir esq SIM
Joaquim C√¢ndido Senna raiz dir esq esq dir dir dir dir dir esq N√O
Carlos Coimbra da Luz raiz esq dir dir esq dir esq SIM
Eurico Gaspar Dutra raiz esq dir dir dir SIM
Israel Pinheiro raiz dir esq esq dir dir dir dir esq esq N√O
Ces√°rio Alvim raiz esq dir dir esq dir esq dir N√O
Gomes Freire de Andrade raiz dir esq esq dir dir esq N√O
Jair Messias Bolsonaro raiz dir esq esq dir dir dir dir SIM
Ant√¥nio Limpo de Abreu raiz esq dir esq N√O
Ven√¢ncio Jos√© de Oliveira Lisboa raiz dir dir dir dir dir esq N√O
Pedro de Ata√≠de e Melo raiz dir dir dir esq dir dir dir N√O
Alexandre Joaquim de Sequeira raiz esq dir esq N√O
Lu√≠s Diogo Lobo da Silva raiz dir dir esq dir esq dir esq N√O
Epit√°cio Lindolfo da Silva Pessoa raiz esq dir dir dir esq dir SIM
Fernando Pimentel raiz dir esq esq esq dir esq N√O
Francisco Soares de Andr√©a raiz dir esq esq esq dir dir N√O
A√©cio Neves raiz esq dir dir esq dir esq esq N√O
Jos√© Teixeira Vasconcelos raiz dir esq dir esq esq N√O
Manuel Ant√¥nio Galv√£o raiz dir dir esq dir esq dir esq N√O
Ant√¥nio Anastasia raiz esq dir esq N√O
Jacques Bias Fortes raiz dir esq esq dir dir dir dir esq dir N√O
Herculano Ferreira Pena raiz dir esq esq dir dir esq N√O
Humberto de Alencar Castello Branco raiz dir esq esq dir dir dir SIM
Carlos Augusto Figueiredo raiz esq dir dir esq dir esq esq N√O
Luiz In√°cio Lula da Silva raiz dir dir esq dir esq SIM
Francisco Portugal raiz dir esq esq esq dir dir N√O
Jo√£o Beraldo raiz dir esq dir dir N√O
Fernando Affonso Collor de Mello raiz SIM
Eduardo Azeredo raiz esq dir dir dir esq esq N√O
Manuel Portella raiz dir dir esq dir dir N√O
Washington Lu√≠s Pereira de Sousa raiz dir dir dir dir dir SIM
Pedro Dias de Carvalho raiz dir dir dir esq dir dir dir N√O
Ant√¥nio Carlos Furtado raiz esq dir esq N√O
Rodrigo Meneses e Castro raiz dir dir dir dir esq N√O
Oleg√°rio Herculano raiz dir dir dir esq dir dir esq N√O
Tancredo Neves raiz dir dir dir dir esq N√O
Louren√ßo de Almeida raiz dir dir esq dir esq esq N√O
Jo√£o Meira de Vasconcelos raiz dir dir esq esq esq N√O
Ant√¥nio Gon√ßalves Ferreira raiz esq dir esq N√O
Manuel de Melo e Sousa raiz dir dir esq dir dir N√O
Afonso Augusto Moreira Pena raiz esq SIM
Jo√£o Crispiniano Soares raiz dir esq dir dir N√O
Silviano Brand√£o raiz dir dir dir dir esq N√O
J√¢nio da Silva Quadros raiz dir dir esq SIM
Quintiliano Jos√© da Silva raiz dir dir dir dir esq N√O
Saldanha Marinho raiz dir dir dir dir esq N√O
Artur da Costa e Silva raiz esq dir SIM
Francisco Pereira de Vasconcelos raiz dir esq esq esq dir dir N√O
Jos√© Ricardo de S√° Rego raiz dir esq esq dir dir dir dir dir dir N√O
Manuel Machado Nunes raiz dir dir esq dir dir N√O
Carlos Carneiro de Campos raiz esq dir dir esq dir esq esq N√O
Joaquim Floriano de God√≥i raiz dir esq esq dir dir dir dir dir esq N√O
Jos√© Bias Fortes raiz dir esq esq dir dir dir dir dir esq N√O
Francisco Lemos raiz dir esq esq esq dir dir N√O
Raul Soares de Moura raiz dir dir dir dir esq N√O
Jo√£o Paulo Barreto raiz dir dir esq esq esq N√O
Lu√≠s Eug√™nio Horta raiz dir dir esq dir esq dir esq N√O
Delfim Moreira da Costa Ribeiro raiz esq dir dir esq dir SIM
